0 info it worked if it ends with ok
1 verbose cli [ '/home/caiifr/.nvm/versions/io.js/v1.3.0/bin/iojs',
1 verbose cli   '/home/caiifr/.nvm/versions/io.js/v1.3.0/bin/npm',
1 verbose cli   'run',
1 verbose cli   'wire' ]
2 info using npm@2.5.1
3 info using node@v1.3.0
4 verbose run-script [ 'prewire', 'wire', 'postwire' ]
5 info prewire cahoots-forumize@1.0.0
6 info wire cahoots-forumize@1.0.0
7 verbose unsafe-perm in lifecycle true
8 info cahoots-forumize@1.0.0 Failed to exec wire script
9 verbose stack Error: cahoots-forumize@1.0.0 wire: `gulp watch`
9 verbose stack Exit status 1
9 verbose stack     at EventEmitter.<anonymous> (/home/caiifr/.nvm/versions/io.js/v1.3.0/lib/node_modules/npm/lib/utils/lifecycle.js:213:16)
9 verbose stack     at emitTwo (events.js:87:13)
9 verbose stack     at EventEmitter.emit (events.js:169:7)
9 verbose stack     at ChildProcess.<anonymous> (/home/caiifr/.nvm/versions/io.js/v1.3.0/lib/node_modules/npm/lib/utils/spawn.js:14:12)
9 verbose stack     at emitTwo (events.js:87:13)
9 verbose stack     at ChildProcess.emit (events.js:169:7)
9 verbose stack     at maybeClose (child_process.js:984:16)
9 verbose stack     at Process.ChildProcess._handle.onexit (child_process.js:1057:5)
10 verbose pkgid cahoots-forumize@1.0.0
11 verbose cwd /home/caiifr/projects/cahoots.pw/forumize
12 error Linux 3.17.4-1-ARCH
13 error argv "/home/caiifr/.nvm/versions/io.js/v1.3.0/bin/iojs" "/home/caiifr/.nvm/versions/io.js/v1.3.0/bin/npm" "run" "wire"
14 error node v1.3.0
15 error npm  v2.5.1
16 error code ELIFECYCLE
17 error cahoots-forumize@1.0.0 wire: `gulp watch`
17 error Exit status 1
18 error Failed at the cahoots-forumize@1.0.0 wire script 'gulp watch'.
18 error This is most likely a problem with the cahoots-forumize package,
18 error not with npm itself.
18 error Tell the author that this fails on your system:
18 error     gulp watch
18 error You can get their info via:
18 error     npm owner ls cahoots-forumize
18 error There is likely additional logging output above.
19 verbose exit [ 1, true ]
